<?xml version="1.0" encoding="UTF-8"?>
<!-- Generated by org.testng.reporters.JUnitReportReporter -->
<testsuite hostname="LAPTOP-64ROHMK1" failures="0" tests="1" name="eCommerceProject.Meesho" time="13.215" errors="0" timestamp="2023-08-01T12:04:44 IST" skipped="0">
  <testcase classname="eCommerceProject.Meesho" name="testMeesho" time="13.215"/>
  <system-out>
    <![CDATA[opening meesho]]>
  </system-out>
</testsuite> <!-- eCommerceProject.Meesho -->
