<?xml version="1.0" encoding="UTF-8"?>
<!-- Generated by org.testng.reporters.JUnitReportReporter -->
<testsuite hostname="DESKTOP-MS5K6DG" failures="0" tests="1" name="eCommerceProject.shoopy" time="57.484" errors="0" timestamp="2023-08-03T09:47:04 IST" skipped="0">
  <testcase classname="eCommerceProject.shoopy" name="shoopytest" time="57.484"/>
  <system-out>
    <![CDATA[opening shoopy]]>
  </system-out>
</testsuite> <!-- eCommerceProject.shoopy -->
