<?xml version="1.0" encoding="UTF-8"?>
<!-- Generated by org.testng.reporters.JUnitReportReporter -->
<testsuite hostname="LAPTOP-64ROHMK1" failures="0" tests="1" name="eCommerceProject.Snapdeal" time="6.733" errors="0" timestamp="2023-08-01T12:33:54 IST" skipped="0">
  <testcase classname="eCommerceProject.Snapdeal" name="snapdealTest" time="6.733"/>
  <system-out>
    <![CDATA[opening snapdeal]]>
  </system-out>
</testsuite> <!-- eCommerceProject.Snapdeal -->
