<?xml version="1.0" encoding="UTF-8"?>
<!-- Generated by org.testng.reporters.JUnitReportReporter -->
<testsuite hostname="LAPTOP-64ROHMK1" failures="0" tests="1" name="eCommerceProject.Tp" time="0.007" errors="0" timestamp="2023-07-31T03:28:43 IST" skipped="0">
  <testcase classname="eCommerceProject.Tp" name="f" time="0.007"/>
  <system-out/>
</testsuite> <!-- eCommerceProject.Tp -->
