<?xml version="1.0" encoding="UTF-8"?>
<!-- Generated by org.testng.reporters.JUnitReportReporter -->
<testsuite hostname="LAPTOP-64ROHMK1" failures="0" tests="1" name="eCommerceProject.Ajio" time="30.489" errors="0" timestamp="2023-07-31T02:51:53 IST" skipped="0">
  <testcase classname="eCommerceProject.Ajio" name="ajioTest" time="30.489"/>
  <system-out>
    <![CDATA[opening Ajio]]>
  </system-out>
</testsuite> <!-- eCommerceProject.Ajio -->
