<?xml version="1.0" encoding="UTF-8"?>
<!-- Generated by org.testng.reporters.JUnitReportReporter -->
<testsuite hostname="LAPTOP-L510J90J" failures="0" tests="1" name="eCommerceProject.vaibhav" time="22.188" errors="0" timestamp="2023-08-04T02:22:25 PDT" skipped="0">
  <testcase classname="eCommerceProject.vaibhav" name="vaibhav" time="22.188"/>
  <system-out>
    <![CDATA[opening amzon]]>
  </system-out>
</testsuite> <!-- eCommerceProject.vaibhav -->
