<?xml version="1.0" encoding="UTF-8"?>
<!-- Generated by org.testng.reporters.JUnitReportReporter -->
<testsuite hostname="LAPTOP-64ROHMK1" failures="0" tests="1" name="eCommerceProject.Ajio" time="13.760" errors="0" timestamp="2023-07-26T04:22:26 IST" skipped="0">
  <testcase classname="eCommerceProject.Ajio" name="ajioTest" time="13.760"/>
  <system-out>
    <![CDATA[opening Ajio]]>
  </system-out>
</testsuite> <!-- eCommerceProject.Ajio -->
