<?xml version="1.0" encoding="UTF-8"?>
<!-- Generated by org.testng.reporters.JUnitReportReporter -->
<testsuite hostname="LAPTOP-64ROHMK1" failures="0" tests="1" name="eCommerceProject.Flipcart" time="8.887" errors="0" timestamp="2023-07-26T04:22:26 IST" skipped="0">
  <testcase classname="eCommerceProject.Flipcart" name="flipcartTest" time="8.887"/>
  <system-out>
    <![CDATA[opening flipcart]]>
  </system-out>
</testsuite> <!-- eCommerceProject.Flipcart -->
