<?xml version="1.0" encoding="UTF-8"?>
<!-- Generated by org.testng.reporters.JUnitReportReporter -->
<testsuite hostname="LAPTOP-64ROHMK1" failures="0" tests="1" name="eCommerceProject.Flipcart" time="27.645" errors="0" timestamp="2023-07-31T02:51:53 IST" skipped="0">
  <testcase classname="eCommerceProject.Flipcart" name="flipcartTest" time="27.645"/>
  <system-out>
    <![CDATA[opening flipcart]]>
  </system-out>
</testsuite> <!-- eCommerceProject.Flipcart -->
